<?xml version="1.0" encoding="UTF-8"?>
<testsuite name="com.jinsim.book.springboot.web.IndexControllerTest" tests="1" skipped="0" failures="0" errors="0" timestamp="2022-08-28T06:41:27" hostname="Beomjinui-MacBookPro.local" time="1.382">
  <properties/>
  <testcase name="메인_페이지_로딩()" classname="com.jinsim.book.springboot.web.IndexControllerTest" time="1.382"/>
  <system-out><![CDATA[2022-08-28 15:41:17.002  INFO 88409 --- [    Test worker] .b.t.c.SpringBootTestContextBootstrapper : Neither @ContextConfiguration nor @ContextHierarchy found for test class [com.jinsim.book.springboot.web.IndexControllerTest], using SpringBootContextLoader
2022-08-28 15:41:17.003  INFO 88409 --- [    Test worker] o.s.t.c.support.AbstractContextLoader    : Could not detect default resource locations for test class [com.jinsim.book.springboot.web.IndexControllerTest]: no resource found for suffixes {-context.xml, Context.groovy}.
2022-08-28 15:41:17.004  INFO 88409 --- [    Test worker] t.c.s.AnnotationConfigContextLoaderUtils : Could not detect default configuration classes for test class [com.jinsim.book.springboot.web.IndexControllerTest]: IndexControllerTest does not declare any static, non-private, non-final, nested classes annotated with @Configuration.
2022-08-28 15:41:17.038  INFO 88409 --- [    Test worker] .b.t.c.SpringBootTestContextBootstrapper : Found @SpringBootConfiguration com.jinsim.book.springboot.Application for test class com.jinsim.book.springboot.web.IndexControllerTest
2022-08-28 15:41:17.052  INFO 88409 --- [    Test worker] .b.t.c.SpringBootTestContextBootstrapper : Loaded default TestExecutionListener class names from location [META-INF/spring.factories]: [org.springframework.security.test.context.support.WithSecurityContextTestExecutionListener, org.springframework.security.test.context.support.ReactorContextTestExecutionListener, org.springframework.boot.test.autoconfigure.restdocs.RestDocsTestExecutionListener, org.springframework.boot.test.autoconfigure.web.client.MockRestServiceServerResetTestExecutionListener, org.springframework.boot.test.autoconfigure.web.servlet.MockMvcPrintOnlyOnFailureTestExecutionListener, org.springframework.boot.test.autoconfigure.web.servlet.WebDriverTestExecutionListener, org.springframework.boot.test.autoconfigure.webservices.client.MockWebServiceServerTestExecutionListener, org.springframework.boot.test.mock.mockito.MockitoTestExecutionListener, org.springframework.boot.test.mock.mockito.ResetMocksTestExecutionListener, org.springframework.test.context.web.ServletTestExecutionListener, org.springframework.test.context.support.DirtiesContextBeforeModesTestExecutionListener, org.springframework.test.context.event.ApplicationEventsTestExecutionListener, org.springframework.test.context.support.DependencyInjectionTestExecutionListener, org.springframework.test.context.support.DirtiesContextTestExecutionListener, org.springframework.test.context.transaction.TransactionalTestExecutionListener, org.springframework.test.context.jdbc.SqlScriptsTestExecutionListener, org.springframework.test.context.event.EventPublishingTestExecutionListener]
2022-08-28 15:41:17.053  INFO 88409 --- [    Test worker] .b.t.c.SpringBootTestContextBootstrapper : Using TestExecutionListeners: [org.springframework.test.context.web.ServletTestExecutionListener@399527d6, org.springframework.test.context.support.DirtiesContextBeforeModesTestExecutionListener@65486260, org.springframework.test.context.event.ApplicationEventsTestExecutionListener@166ff529, org.springframework.boot.test.mock.mockito.MockitoTestExecutionListener@45a9032a, org.springframework.boot.test.autoconfigure.SpringBootDependencyInjectionTestExecutionListener@559227de, org.springframework.test.context.support.DirtiesContextTestExecutionListener@736f146e, org.springframework.test.context.transaction.TransactionalTestExecutionListener@1ac07197, org.springframework.test.context.jdbc.SqlScriptsTestExecutionListener@17fd81b6, org.springframework.security.test.context.support.WithSecurityContextTestExecutionListener@5395f840, org.springframework.test.context.event.EventPublishingTestExecutionListener@58d24a38, org.springframework.security.test.context.support.ReactorContextTestExecutionListener@4107c47c, org.springframework.boot.test.autoconfigure.restdocs.RestDocsTestExecutionListener@3a0c1ddb, org.springframework.boot.test.autoconfigure.web.client.MockRestServiceServerResetTestExecutionListener@4627b522, org.springframework.boot.test.autoconfigure.web.servlet.MockMvcPrintOnlyOnFailureTestExecutionListener@c6eb454, org.springframework.boot.test.autoconfigure.web.servlet.WebDriverTestExecutionListener@73b5a581, org.springframework.boot.test.autoconfigure.webservices.client.MockWebServiceServerTestExecutionListener@290d8ce9, org.springframework.boot.test.mock.mockito.ResetMocksTestExecutionListener@52f8a24f]

  .   ____          _            __ _ _
 /\\ / ___'_ __ _ _(_)_ __  __ _ \ \ \ \
( ( )\___ | '_ | '_| | '_ \/ _` | \ \ \ \
 \\/  ___)| |_)| | | | | || (_| |  ) ) ) )
  '  |____| .__|_| |_|_| |_\__, | / / / /
 =========|_|==============|___/=/_/_/_/
 :: Spring Boot ::                (v2.6.6)

2022-08-28 15:41:17.162  INFO 88409 --- [    Test worker] c.j.b.s.web.IndexControllerTest          : Starting IndexControllerTest using Java 1.8.0_292 on Beomjinui-MacBookPro.local with PID 88409 (started by beomjin in /Users/beomjin/Book/springboot-aws)
2022-08-28 15:41:17.163  INFO 88409 --- [    Test worker] c.j.b.s.web.IndexControllerTest          : No active profile set, falling back to 1 default profile: "default"
2022-08-28 15:41:18.138  INFO 88409 --- [    Test worker] .s.d.r.c.RepositoryConfigurationDelegate : Bootstrapping Spring Data JPA repositories in DEFAULT mode.
2022-08-28 15:41:18.240  INFO 88409 --- [    Test worker] .s.d.r.c.RepositoryConfigurationDelegate : Finished Spring Data repository scanning in 92 ms. Found 2 JPA repository interfaces.
2022-08-28 15:41:19.162  INFO 88409 --- [    Test worker] o.s.b.w.embedded.tomcat.TomcatWebServer  : Tomcat initialized with port(s): 0 (http)
2022-08-28 15:41:19.182  INFO 88409 --- [    Test worker] o.apache.catalina.core.StandardService   : Starting service [Tomcat]
2022-08-28 15:41:19.182  INFO 88409 --- [    Test worker] org.apache.catalina.core.StandardEngine  : Starting Servlet engine: [Apache Tomcat/9.0.60]
2022-08-28 15:41:19.404  INFO 88409 --- [    Test worker] o.a.c.c.C.[Tomcat].[localhost].[/]       : Initializing Spring embedded WebApplicationContext
2022-08-28 15:41:19.404  INFO 88409 --- [    Test worker] w.s.c.ServletWebServerApplicationContext : Root WebApplicationContext: initialization completed in 2235 ms
2022-08-28 15:41:19.684  INFO 88409 --- [    Test worker] com.zaxxer.hikari.HikariDataSource       : HikariPool-1 - Starting...
2022-08-28 15:41:20.032  INFO 88409 --- [    Test worker] com.zaxxer.hikari.HikariDataSource       : HikariPool-1 - Start completed.
2022-08-28 15:41:20.383  INFO 88409 --- [    Test worker] o.hibernate.jpa.internal.util.LogHelper  : HHH000204: Processing PersistenceUnitInfo [name: default]
2022-08-28 15:41:20.674  INFO 88409 --- [    Test worker] org.hibernate.Version                    : HHH000412: Hibernate ORM core version 5.6.7.Final
2022-08-28 15:41:20.807  INFO 88409 --- [    Test worker] o.hibernate.annotations.common.Version   : HCANN000001: Hibernate Commons Annotations {5.1.2.Final}
2022-08-28 15:41:21.072  INFO 88409 --- [    Test worker] org.hibernate.dialect.Dialect            : HHH000400: Using dialect: org.hibernate.dialect.MySQL57Dialect
Hibernate: drop table if exists posts
Hibernate: drop table if exists user
Hibernate: create table posts (id bigint not null auto_increment, create_date datetime(6), modified_date datetime(6), author varchar(255), content TEXT not null, title varchar(500) not null, primary key (id)) engine=InnoDB
Hibernate: create table user (id bigint not null auto_increment, create_date datetime(6), modified_date datetime(6), email varchar(255) not null, name varchar(255) not null, picture varchar(255), role varchar(255) not null, primary key (id)) engine=InnoDB
2022-08-28 15:41:22.808  INFO 88409 --- [    Test worker] o.h.e.t.j.p.i.JtaPlatformInitiator       : HHH000490: Using JtaPlatform implementation: [org.hibernate.engine.transaction.jta.platform.internal.NoJtaPlatform]
2022-08-28 15:41:22.820  INFO 88409 --- [    Test worker] j.LocalContainerEntityManagerFactoryBean : Initialized JPA EntityManagerFactory for persistence unit 'default'
2022-08-28 15:41:25.368  WARN 88409 --- [    Test worker] JpaBaseConfiguration$JpaWebConfiguration : spring.jpa.open-in-view is enabled by default. Therefore, database queries may be performed during view rendering. Explicitly configure spring.jpa.open-in-view to disable this warning
2022-08-28 15:41:26.235  INFO 88409 --- [    Test worker] o.s.s.web.DefaultSecurityFilterChain     : Will not secure any request
2022-08-28 15:41:26.871  INFO 88409 --- [    Test worker] o.s.b.a.w.s.WelcomePageHandlerMapping    : Adding welcome page template: index
2022-08-28 15:41:27.262  INFO 88409 --- [    Test worker] o.s.b.w.embedded.tomcat.TomcatWebServer  : Tomcat started on port(s): 50928 (http) with context path ''
2022-08-28 15:41:27.284  INFO 88409 --- [    Test worker] s.a.ScheduledAnnotationBeanPostProcessor : No TaskScheduler/ScheduledExecutorService bean found for scheduled processing
2022-08-28 15:41:27.295  INFO 88409 --- [    Test worker] c.j.b.s.web.IndexControllerTest          : Started IndexControllerTest in 10.24 seconds (JVM running for 16.589)
2022-08-28 15:41:28.538  INFO 88409 --- [o-auto-1-exec-1] o.a.c.c.C.[Tomcat].[localhost].[/]       : Initializing Spring DispatcherServlet 'dispatcherServlet'
2022-08-28 15:41:28.538  INFO 88409 --- [o-auto-1-exec-1] o.s.web.servlet.DispatcherServlet        : Initializing Servlet 'dispatcherServlet'
2022-08-28 15:41:28.540  INFO 88409 --- [o-auto-1-exec-1] o.s.web.servlet.DispatcherServlet        : Completed initialization in 2 ms
Hibernate: select posts0_.id as id1_0_, posts0_.create_date as create_d2_0_, posts0_.modified_date as modified3_0_, posts0_.author as author4_0_, posts0_.content as content5_0_, posts0_.title as title6_0_ from posts posts0_ order by posts0_.id DESC
]]></system-out>
  <system-err><![CDATA[]]></system-err>
</testsuite>
