<?xml version="1.0" encoding="UTF-8"?>
<testsuite name="com.jinsim.book.springboot.web.IndexControllerTest" tests="1" skipped="0" failures="0" errors="0" timestamp="2022-08-28T06:10:41" hostname="Beomjinui-MacBookPro.local" time="0.737">
  <properties/>
  <testcase name="메인_페이지_로딩()" classname="com.jinsim.book.springboot.web.IndexControllerTest" time="0.737"/>
  <system-out><![CDATA[2022-08-28 15:10:41.682  INFO 87979 --- [    Test worker] .b.t.c.SpringBootTestContextBootstrapper : Neither @ContextConfiguration nor @ContextHierarchy found for test class [com.jinsim.book.springboot.web.IndexControllerTest], using SpringBootContextLoader
2022-08-28 15:10:41.683  INFO 87979 --- [    Test worker] o.s.t.c.support.AbstractContextLoader    : Could not detect default resource locations for test class [com.jinsim.book.springboot.web.IndexControllerTest]: no resource found for suffixes {-context.xml, Context.groovy}.
2022-08-28 15:10:41.683  INFO 87979 --- [    Test worker] t.c.s.AnnotationConfigContextLoaderUtils : Could not detect default configuration classes for test class [com.jinsim.book.springboot.web.IndexControllerTest]: IndexControllerTest does not declare any static, non-private, non-final, nested classes annotated with @Configuration.
2022-08-28 15:10:41.685  INFO 87979 --- [    Test worker] .b.t.c.SpringBootTestContextBootstrapper : Found @SpringBootConfiguration com.jinsim.book.springboot.Application for test class com.jinsim.book.springboot.web.IndexControllerTest
2022-08-28 15:10:41.686  INFO 87979 --- [    Test worker] .b.t.c.SpringBootTestContextBootstrapper : Loaded default TestExecutionListener class names from location [META-INF/spring.factories]: [org.springframework.security.test.context.support.WithSecurityContextTestExecutionListener, org.springframework.security.test.context.support.ReactorContextTestExecutionListener, org.springframework.boot.test.autoconfigure.restdocs.RestDocsTestExecutionListener, org.springframework.boot.test.autoconfigure.web.client.MockRestServiceServerResetTestExecutionListener, org.springframework.boot.test.autoconfigure.web.servlet.MockMvcPrintOnlyOnFailureTestExecutionListener, org.springframework.boot.test.autoconfigure.web.servlet.WebDriverTestExecutionListener, org.springframework.boot.test.autoconfigure.webservices.client.MockWebServiceServerTestExecutionListener, org.springframework.boot.test.mock.mockito.MockitoTestExecutionListener, org.springframework.boot.test.mock.mockito.ResetMocksTestExecutionListener, org.springframework.test.context.web.ServletTestExecutionListener, org.springframework.test.context.support.DirtiesContextBeforeModesTestExecutionListener, org.springframework.test.context.event.ApplicationEventsTestExecutionListener, org.springframework.test.context.support.DependencyInjectionTestExecutionListener, org.springframework.test.context.support.DirtiesContextTestExecutionListener, org.springframework.test.context.transaction.TransactionalTestExecutionListener, org.springframework.test.context.jdbc.SqlScriptsTestExecutionListener, org.springframework.test.context.event.EventPublishingTestExecutionListener]
2022-08-28 15:10:41.686  INFO 87979 --- [    Test worker] .b.t.c.SpringBootTestContextBootstrapper : Using TestExecutionListeners: [org.springframework.test.context.web.ServletTestExecutionListener@3fe5c5f1, org.springframework.test.context.support.DirtiesContextBeforeModesTestExecutionListener@1e7d32f, org.springframework.test.context.event.ApplicationEventsTestExecutionListener@4a32176f, org.springframework.boot.test.mock.mockito.MockitoTestExecutionListener@53d35679, org.springframework.boot.test.autoconfigure.SpringBootDependencyInjectionTestExecutionListener@4208cbbf, org.springframework.test.context.support.DirtiesContextTestExecutionListener@7d49067a, org.springframework.test.context.transaction.TransactionalTestExecutionListener@271affd3, org.springframework.test.context.jdbc.SqlScriptsTestExecutionListener@6e3305d7, org.springframework.security.test.context.support.WithSecurityContextTestExecutionListener@6ae26e9d, org.springframework.test.context.event.EventPublishingTestExecutionListener@5f2ddf6d, org.springframework.security.test.context.support.ReactorContextTestExecutionListener@2f39573c, org.springframework.boot.test.autoconfigure.restdocs.RestDocsTestExecutionListener@59d2e2b1, org.springframework.boot.test.autoconfigure.web.client.MockRestServiceServerResetTestExecutionListener@20bdf990, org.springframework.boot.test.autoconfigure.web.servlet.MockMvcPrintOnlyOnFailureTestExecutionListener@115a8c5d, org.springframework.boot.test.autoconfigure.web.servlet.WebDriverTestExecutionListener@74bfa9fd, org.springframework.boot.test.autoconfigure.webservices.client.MockWebServiceServerTestExecutionListener@3ab61ab1, org.springframework.boot.test.mock.mockito.ResetMocksTestExecutionListener@7588150e]
2022-08-28 15:10:42.514  INFO 87979 --- [o-auto-1-exec-1] o.a.c.c.C.[Tomcat].[localhost].[/]       : Initializing Spring DispatcherServlet 'dispatcherServlet'
2022-08-28 15:10:42.514  INFO 87979 --- [o-auto-1-exec-1] o.s.web.servlet.DispatcherServlet        : Initializing Servlet 'dispatcherServlet'
2022-08-28 15:10:42.515  INFO 87979 --- [o-auto-1-exec-1] o.s.web.servlet.DispatcherServlet        : Completed initialization in 1 ms
Hibernate: select posts0_.id as id1_0_, posts0_.create_date as create_d2_0_, posts0_.modified_date as modified3_0_, posts0_.author as author4_0_, posts0_.content as content5_0_, posts0_.title as title6_0_ from posts posts0_ order by posts0_.id DESC
]]></system-out>
  <system-err><![CDATA[]]></system-err>
</testsuite>
